Arguments: 
  /Users/chandru/.nvm/versions/node/v16.13.0/bin/node /Users/chandru/.yarn/bin/yarn.js build

PATH: 
  /Users/chandru/.yarn/bin:/Users/chandru/.config/yarn/global/node_modules/.bin:/Users/chandru/.nvm/versions/node/v16.13.0/bin:/Users/chandru/Library/Android/sdk/platform-tools:/Downloads:/Applications/Visual Studio Code.app/Contents/Resources/app/bin:/Users/chandru/.jenv/shims:/Users/chandru/.jenv/bin:/Users/chandru/.deno/bin:/usr/local/bin:/usr/bin:/bin:/usr/sbin:/sbin:/usr/local/share/dotnet:~/.dotnet/tools:/Library/Apple/usr/bin:/Library/Frameworks/Mono.framework/Versions/Current/Commands

Yarn version: 
  1.22.15

Node version: 
  16.13.0

Platform: 
  darwin x64

Trace: 
  SyntaxError: /Users/chandru/Documents/elm/elm-node/package.json: Unexpected token } in JSON at position 160
      at JSON.parse (<anonymous>)
      at /Users/chandru/.yarn/lib/cli.js:1625:59
      at Generator.next (<anonymous>)
      at step (/Users/chandru/.yarn/lib/cli.js:310:30)
      at /Users/chandru/.yarn/lib/cli.js:321:13

npm manifest: 
  {
    "name": "elm-node",
    "version": "1.0.0",
    "main": "index.js",
    "license": "MIT",
    "scripts": {
      "build": "elm make src/Main.elm --output main.js",
    }
  }

yarn manifest: 
  No manifest

Lockfile: 
  # THIS IS AN AUTOGENERATED FILE. DO NOT EDIT THIS FILE DIRECTLY.
  # yarn lockfile v1
